{"uuid":"096fe00f-dea2-4811-82e4-fea5b3f02929","historyId":"3bb13dc012d4564a066557fe97da41c8","fullName":"src/test/resources/features/dashboard.feature:13","labels":[{"name":"host","value":"Sudha"},{"name":"thread","value":"162876@Sudha.TestNG-PoolService-1(48)"},{"name":"feature","value":"Validating  dashboardpage"},{"name":"story","value":"Verify broken link"},{"name":"suite","value":"Validating  dashboardpage"},{"name":"testClass","value":"Verify broken link"},{"name":"framework","value":"cucumber4jvm"},{"name":"language","value":"java"},{"name":"gherkin_uri","value":"file:///C:/Users/sudha/git/team10-lmsphase2-codebreakers/team10-lmsphase2-codebreakers/src/test/resources/features/dashboard.feature"},{"name":"package","value":"src.test.resources.features.dashboard_feature.Validating  dashboardpage"}],"links":[],"name":"Verify broken link","status":"broken","statusDetails":{"known":false,"muted":false,"flaky":false,"message":"Cannot invoke \"String.length()\" because \"spec\" is null","trace":"java.net.MalformedURLException: Cannot invoke \"String.length()\" because \"spec\" is null\r\n\tat java.base/java.net.URL.<init>(URL.java:806)\r\n\tat java.base/java.net.URL.<init>(URL.java:654)\r\n\tat java.base/java.net.URL.<init>(URL.java:590)\r\n\tat com.herokuapp.codebreakers.POM.DashBoardObjects.processLinks(DashBoardObjects.java:51)\r\n\tat com.herokuapp.codebreakers.stepDefinition.DashboardStepDefinition.http_response_then_the_link_is_broken(DashboardStepDefinition.java:59)\r\n\tat ✽.HTTP response >= 400 .Then the link is broken(file:///C:/Users/sudha/git/team10-lmsphase2-codebreakers/team10-lmsphase2-codebreakers/src/test/resources/features/dashboard.feature:16)\r\nCaused by: java.lang.NullPointerException: Cannot invoke \"String.length()\" because \"spec\" is null\r\n\tat java.base/java.net.URL.<init>(URL.java:712)\r\n\tat java.base/java.net.URL.<init>(URL.java:654)\r\n\tat java.base/java.net.URL.<init>(URL.java:590)\r\n\tat com.herokuapp.codebreakers.POM.DashBoardObjects.processLinks(DashBoardObjects.java:51)\r\n\tat com.herokuapp.codebreakers.stepDefinition.DashboardStepDefinition.http_response_then_the_link_is_broken(DashboardStepDefinition.java:59)\r\n\tat java.base/jdk.internal.reflect.DirectMethodHandleAccessor.invoke(DirectMethodHandleAccessor.java:103)\r\n\tat java.base/java.lang.reflect.Method.invoke(Method.java:580)\r\n\tat io.cucumber.java.Invoker.doInvoke(Invoker.java:66)\r\n\tat io.cucumber.java.Invoker.invoke(Invoker.java:24)\r\n\tat io.cucumber.java.AbstractGlueDefinition.invokeMethod(AbstractGlueDefinition.java:47)\r\n\tat io.cucumber.java.JavaStepDefinition.execute(JavaStepDefinition.java:29)\r\n\tat io.cucumber.core.runner.CoreStepDefinition.execute(CoreStepDefinition.java:66)\r\n\tat io.cucumber.core.runner.PickleStepDefinitionMatch.runStep(PickleStepDefinitionMatch.java:63)\r\n\tat io.cucumber.core.runner.ExecutionMode$1.execute(ExecutionMode.java:10)\r\n\tat io.cucumber.core.runner.TestStep.executeStep(TestStep.java:84)\r\n\tat io.cucumber.core.runner.TestStep.run(TestStep.java:56)\r\n\tat io.cucumber.core.runner.PickleStepTestStep.run(PickleStepTestStep.java:51)\r\n\tat io.cucumber.core.runner.TestCase.run(TestCase.java:84)\r\n\tat io.cucumber.core.runner.Runner.runPickle(Runner.java:75)\r\n\tat io.cucumber.testng.TestNGCucumberRunner.lambda$runScenario$1(TestNGCucumberRunner.java:132)\r\n\tat io.cucumber.core.runtime.CucumberExecutionContext.lambda$runTestCase$5(CucumberExecutionContext.java:137)\r\n\tat io.cucumber.core.runtime.RethrowingThrowableCollector.executeAndThrow(RethrowingThrowableCollector.java:23)\r\n\tat io.cucumber.core.runtime.CucumberExecutionContext.runTestCase(CucumberExecutionContext.java:137)\r\n\tat io.cucumber.testng.TestNGCucumberRunner.runScenario(TestNGCucumberRunner.java:129)\r\n\tat io.cucumber.testng.AbstractTestNGCucumberTests.runScenario(AbstractTestNGCucumberTests.java:35)\r\n\tat java.base/jdk.internal.reflect.DirectMethodHandleAccessor.invoke(DirectMethodHandleAccessor.java:103)\r\n\tat java.base/java.lang.reflect.Method.invoke(Method.java:580)\r\n\tat org.testng.internal.invokers.MethodInvocationHelper.invokeMethod(MethodInvocationHelper.java:139)\r\n\tat org.testng.internal.invokers.TestInvoker.invokeMethod(TestInvoker.java:664)\r\n\tat org.testng.internal.invokers.TestInvoker.invokeTestMethod(TestInvoker.java:228)\r\n\tat org.testng.internal.invokers.TestMethodWithDataProviderMethodWorker.call(TestMethodWithDataProviderMethodWorker.java:80)\r\n\tat java.base/java.util.concurrent.CompletableFuture$AsyncSupply.run(CompletableFuture.java:1768)\r\n\tat java.base/java.util.concurrent.ThreadPoolExecutor.runWorker(ThreadPoolExecutor.java:1144)\r\n\tat java.base/java.util.concurrent.ThreadPoolExecutor$Worker.run(ThreadPoolExecutor.java:642)\r\n\tat java.base/java.lang.Thread.run(Thread.java:1583)\r\n"},"stage":"finished","steps":[{"name":"Given  Admin is in Home Page","status":"passed","statusDetails":{"known":false,"muted":false,"flaky":false},"stage":"finished","steps":[],"attachments":[],"parameters":[],"start":1714619052994,"stop":1714619117541},{"name":"When  Admin enter valid credentials  and clicks login button","status":"passed","statusDetails":{"known":false,"muted":false,"flaky":false},"stage":"finished","steps":[],"attachments":[],"parameters":[],"start":1714619117543,"stop":1714619118189},{"name":"Then  HTTP response >= 400 .Then the link is broken","status":"broken","statusDetails":{"known":false,"muted":false,"flaky":false,"message":"Cannot invoke \"String.length()\" because \"spec\" is null","trace":"java.net.MalformedURLException: Cannot invoke \"String.length()\" because \"spec\" is null\r\n\tat java.base/java.net.URL.<init>(URL.java:806)\r\n\tat java.base/java.net.URL.<init>(URL.java:654)\r\n\tat java.base/java.net.URL.<init>(URL.java:590)\r\n\tat com.herokuapp.codebreakers.POM.DashBoardObjects.processLinks(DashBoardObjects.java:51)\r\n\tat com.herokuapp.codebreakers.stepDefinition.DashboardStepDefinition.http_response_then_the_link_is_broken(DashboardStepDefinition.java:59)\r\n\tat ✽.HTTP response >= 400 .Then the link is broken(file:///C:/Users/sudha/git/team10-lmsphase2-codebreakers/team10-lmsphase2-codebreakers/src/test/resources/features/dashboard.feature:16)\r\nCaused by: java.lang.NullPointerException: Cannot invoke \"String.length()\" because \"spec\" is null\r\n\tat java.base/java.net.URL.<init>(URL.java:712)\r\n\tat java.base/java.net.URL.<init>(URL.java:654)\r\n\tat java.base/java.net.URL.<init>(URL.java:590)\r\n\tat com.herokuapp.codebreakers.POM.DashBoardObjects.processLinks(DashBoardObjects.java:51)\r\n\tat com.herokuapp.codebreakers.stepDefinition.DashboardStepDefinition.http_response_then_the_link_is_broken(DashboardStepDefinition.java:59)\r\n\tat java.base/jdk.internal.reflect.DirectMethodHandleAccessor.invoke(DirectMethodHandleAccessor.java:103)\r\n\tat java.base/java.lang.reflect.Method.invoke(Method.java:580)\r\n\tat io.cucumber.java.Invoker.doInvoke(Invoker.java:66)\r\n\tat io.cucumber.java.Invoker.invoke(Invoker.java:24)\r\n\tat io.cucumber.java.AbstractGlueDefinition.invokeMethod(AbstractGlueDefinition.java:47)\r\n\tat io.cucumber.java.JavaStepDefinition.execute(JavaStepDefinition.java:29)\r\n\tat io.cucumber.core.runner.CoreStepDefinition.execute(CoreStepDefinition.java:66)\r\n\tat io.cucumber.core.runner.PickleStepDefinitionMatch.runStep(PickleStepDefinitionMatch.java:63)\r\n\tat io.cucumber.core.runner.ExecutionMode$1.execute(ExecutionMode.java:10)\r\n\tat io.cucumber.core.runner.TestStep.executeStep(TestStep.java:84)\r\n\tat io.cucumber.core.runner.TestStep.run(TestStep.java:56)\r\n\tat io.cucumber.core.runner.PickleStepTestStep.run(PickleStepTestStep.java:51)\r\n\tat io.cucumber.core.runner.TestCase.run(TestCase.java:84)\r\n\tat io.cucumber.core.runner.Runner.runPickle(Runner.java:75)\r\n\tat io.cucumber.testng.TestNGCucumberRunner.lambda$runScenario$1(TestNGCucumberRunner.java:132)\r\n\tat io.cucumber.core.runtime.CucumberExecutionContext.lambda$runTestCase$5(CucumberExecutionContext.java:137)\r\n\tat io.cucumber.core.runtime.RethrowingThrowableCollector.executeAndThrow(RethrowingThrowableCollector.java:23)\r\n\tat io.cucumber.core.runtime.CucumberExecutionContext.runTestCase(CucumberExecutionContext.java:137)\r\n\tat io.cucumber.testng.TestNGCucumberRunner.runScenario(TestNGCucumberRunner.java:129)\r\n\tat io.cucumber.testng.AbstractTestNGCucumberTests.runScenario(AbstractTestNGCucumberTests.java:35)\r\n\tat java.base/jdk.internal.reflect.DirectMethodHandleAccessor.invoke(DirectMethodHandleAccessor.java:103)\r\n\tat java.base/java.lang.reflect.Method.invoke(Method.java:580)\r\n\tat org.testng.internal.invokers.MethodInvocationHelper.invokeMethod(MethodInvocationHelper.java:139)\r\n\tat org.testng.internal.invokers.TestInvoker.invokeMethod(TestInvoker.java:664)\r\n\tat org.testng.internal.invokers.TestInvoker.invokeTestMethod(TestInvoker.java:228)\r\n\tat org.testng.internal.invokers.TestMethodWithDataProviderMethodWorker.call(TestMethodWithDataProviderMethodWorker.java:80)\r\n\tat java.base/java.util.concurrent.CompletableFuture$AsyncSupply.run(CompletableFuture.java:1768)\r\n\tat java.base/java.util.concurrent.ThreadPoolExecutor.runWorker(ThreadPoolExecutor.java:1144)\r\n\tat java.base/java.util.concurrent.ThreadPoolExecutor$Worker.run(ThreadPoolExecutor.java:642)\r\n\tat java.base/java.lang.Thread.run(Thread.java:1583)\r\n"},"stage":"finished","steps":[],"attachments":[],"parameters":[],"start":1714619118189,"stop":1714619118310}],"attachments":[],"parameters":[],"start":1714619052993,"stop":1714619118707}