{"uuid":"37e6bdc7-3043-4cec-9a5c-3af5792658c4","historyId":"41d9a4eba661d32b4f78403fc1cecb4","fullName":"src/test/resources/features/batch.feature:48","labels":[{"name":"host","value":"Sudha"},{"name":"thread","value":"162876@Sudha.TestNG-PoolService-10(57)"},{"name":"feature","value":"Batch Page Validation"},{"name":"story","value":"Validate pop up for adding batch"},{"name":"suite","value":"Batch Page Validation"},{"name":"testClass","value":"Validate pop up for adding batch"},{"name":"framework","value":"cucumber4jvm"},{"name":"language","value":"java"},{"name":"gherkin_uri","value":"file:///C:/Users/sudha/git/team10-lmsphase2-codebreakers/team10-lmsphase2-codebreakers/src/test/resources/features/batch.feature"},{"name":"package","value":"src.test.resources.features.batch_feature.Batch Page Validation"}],"links":[],"name":"Validate pop up for adding batch","status":"failed","statusDetails":{"known":false,"muted":false,"flaky":false,"message":"expected [Batch Details] but found []","trace":"java.lang.AssertionError: expected [Batch Details] but found []\r\n\tat org.testng.Assert.fail(Assert.java:111)\r\n\tat org.testng.Assert.failNotEquals(Assert.java:1578)\r\n\tat org.testng.Assert.assertEqualsImpl(Assert.java:150)\r\n\tat org.testng.Assert.assertEquals(Assert.java:132)\r\n\tat org.testng.Assert.assertEquals(Assert.java:656)\r\n\tat org.testng.Assert.assertEquals(Assert.java:666)\r\n\tat com.herokuapp.codebreakers.stepDefinition.BatchStepDefinition.a_new_pop_up_with_batch_details_appears(BatchStepDefinition.java:123)\r\n\tat ✽.A new pop up with Batch details appears(file:///C:/Users/sudha/git/team10-lmsphase2-codebreakers/team10-lmsphase2-codebreakers/src/test/resources/features/batch.feature:51)\r\n"},"stage":"finished","steps":[{"name":"Given  Logged on the LMS portal","status":"passed","statusDetails":{"known":false,"muted":false,"flaky":false},"stage":"finished","steps":[],"attachments":[],"parameters":[],"start":1714618893775,"stop":1714618985134},{"name":"Given  Admin is on dashboard page after Login","status":"passed","statusDetails":{"known":false,"muted":false,"flaky":false},"stage":"finished","steps":[],"attachments":[],"parameters":[],"start":1714618985137,"stop":1714618985178},{"name":"When  Admin clicks \"A New Batch\" button","status":"passed","statusDetails":{"known":false,"muted":false,"flaky":false},"stage":"finished","steps":[],"attachments":[],"parameters":[],"start":1714618985179,"stop":1714618986443},{"name":"Then  A new pop up with Batch details appears","status":"failed","statusDetails":{"known":false,"muted":false,"flaky":false,"message":"expected [Batch Details] but found []","trace":"java.lang.AssertionError: expected [Batch Details] but found []\r\n\tat org.testng.Assert.fail(Assert.java:111)\r\n\tat org.testng.Assert.failNotEquals(Assert.java:1578)\r\n\tat org.testng.Assert.assertEqualsImpl(Assert.java:150)\r\n\tat org.testng.Assert.assertEquals(Assert.java:132)\r\n\tat org.testng.Assert.assertEquals(Assert.java:656)\r\n\tat org.testng.Assert.assertEquals(Assert.java:666)\r\n\tat com.herokuapp.codebreakers.stepDefinition.BatchStepDefinition.a_new_pop_up_with_batch_details_appears(BatchStepDefinition.java:123)\r\n\tat ✽.A new pop up with Batch details appears(file:///C:/Users/sudha/git/team10-lmsphase2-codebreakers/team10-lmsphase2-codebreakers/src/test/resources/features/batch.feature:51)\r\n"},"stage":"finished","steps":[],"attachments":[],"parameters":[],"start":1714618986444,"stop":1714618986522}],"attachments":[],"parameters":[],"start":1714618893738,"stop":1714618986934}