{"uuid":"879e995e-d167-4fd1-a5c6-e96699f2cc1d","historyId":"c726be3d1f52bde0c7567a3988c92a36","fullName":"src/test/resources/features/program.feature:88","labels":[{"name":"host","value":"Sudha"},{"name":"thread","value":"162876@Sudha.TestNG-PoolService-7(54)"},{"name":"feature","value":"Manage Program Validation, Add, Edit and Delete Program with pagination and sorting validations"},{"name":"story","value":"Enter only Program Description"},{"name":"suite","value":"Manage Program Validation, Add, Edit and Delete Program with pagination and sorting validations"},{"name":"testClass","value":"Enter only Program Description"},{"name":"framework","value":"cucumber4jvm"},{"name":"language","value":"java"},{"name":"gherkin_uri","value":"file:///C:/Users/sudha/git/team10-lmsphase2-codebreakers/team10-lmsphase2-codebreakers/src/test/resources/features/program.feature"},{"name":"package","value":"src.test.resources.features.program_feature.Manage Program Validation, Add, Edit and Delete Program with pagination and sorting validations"}],"links":[],"name":"Enter only Program Description","status":"failed","statusDetails":{"known":false,"muted":false,"flaky":false,"message":"expected [true] but found [false]","trace":"java.lang.AssertionError: expected [true] but found [false]\r\n\tat org.testng.Assert.fail(Assert.java:111)\r\n\tat org.testng.Assert.failNotEquals(Assert.java:1578)\r\n\tat org.testng.Assert.assertTrue(Assert.java:57)\r\n\tat org.testng.Assert.assertTrue(Assert.java:67)\r\n\tat com.herokuapp.codebreakers.POM.ProgramPageObjects.errorMsg(ProgramPageObjects.java:349)\r\n\tat com.herokuapp.codebreakers.stepDefinition.ProgramStepDefnition.admin_gets_a_message_alert(ProgramStepDefnition.java:184)\r\n\tat ✽.Admin gets a message alert \"Program name is required.\"(file:///C:/Users/sudha/git/team10-lmsphase2-codebreakers/team10-lmsphase2-codebreakers/src/test/resources/features/program.feature:91)\r\n"},"stage":"finished","steps":[{"name":"Given  User is on dashboard page after Login and clicks Program on the navigation bar","status":"passed","statusDetails":{"known":false,"muted":false,"flaky":false},"stage":"finished","steps":[],"attachments":[],"parameters":[],"start":1714619351070,"stop":1714619443307},{"name":"Given  Admin is on \"Program Details\" Popup window","status":"passed","statusDetails":{"known":false,"muted":false,"flaky":false},"stage":"finished","steps":[],"attachments":[],"parameters":[],"start":1714619443307,"stop":1714619443846},{"name":"When  Admin enters only<Program description> in text box and clicks Save button","status":"passed","statusDetails":{"known":false,"muted":false,"flaky":false},"stage":"finished","steps":[],"attachments":[],"parameters":[],"start":1714619443846,"stop":1714619444868},{"name":"Then  Admin gets a message alert \"Program name is required.\"","status":"failed","statusDetails":{"known":false,"muted":false,"flaky":false,"message":"expected [true] but found [false]","trace":"java.lang.AssertionError: expected [true] but found [false]\r\n\tat org.testng.Assert.fail(Assert.java:111)\r\n\tat org.testng.Assert.failNotEquals(Assert.java:1578)\r\n\tat org.testng.Assert.assertTrue(Assert.java:57)\r\n\tat org.testng.Assert.assertTrue(Assert.java:67)\r\n\tat com.herokuapp.codebreakers.POM.ProgramPageObjects.errorMsg(ProgramPageObjects.java:349)\r\n\tat com.herokuapp.codebreakers.stepDefinition.ProgramStepDefnition.admin_gets_a_message_alert(ProgramStepDefnition.java:184)\r\n\tat ✽.Admin gets a message alert \"Program name is required.\"(file:///C:/Users/sudha/git/team10-lmsphase2-codebreakers/team10-lmsphase2-codebreakers/src/test/resources/features/program.feature:91)\r\n"},"stage":"finished","steps":[],"attachments":[],"parameters":[],"start":1714619444868,"stop":1714619444977}],"attachments":[],"parameters":[],"start":1714619351069,"stop":1714619445631}