{"uuid":"afca0fba-f037-4f83-b6e7-90760d0e5580","historyId":"19c8fd55f3f891f2d0d5077d441bf69e","fullName":"src/test/resources/features/program.feature:6","labels":[{"name":"host","value":"Sudha"},{"name":"thread","value":"162876@Sudha.TestNG-PoolService-8(55)"},{"name":"feature","value":"Manage Program Validation, Add, Edit and Delete Program with pagination and sorting validations"},{"name":"story","value":"Validate landing in Program page"},{"name":"suite","value":"Manage Program Validation, Add, Edit and Delete Program with pagination and sorting validations"},{"name":"testClass","value":"Validate landing in Program page"},{"name":"framework","value":"cucumber4jvm"},{"name":"language","value":"java"},{"name":"gherkin_uri","value":"file:///C:/Users/sudha/git/team10-lmsphase2-codebreakers/team10-lmsphase2-codebreakers/src/test/resources/features/program.feature"},{"name":"package","value":"src.test.resources.features.program_feature.Manage Program Validation, Add, Edit and Delete Program with pagination and sorting validations"}],"links":[],"name":"Validate landing in Program page","status":"failed","statusDetails":{"known":false,"muted":false,"flaky":false,"message":"expected [false] but found [ManageProgram]","trace":"java.lang.AssertionError: expected [false] but found [ManageProgram]\r\n\tat org.testng.Assert.fail(Assert.java:111)\r\n\tat org.testng.Assert.failNotEquals(Assert.java:1578)\r\n\tat org.testng.Assert.assertEqualsImpl(Assert.java:150)\r\n\tat org.testng.Assert.assertEquals(Assert.java:132)\r\n\tat org.testng.Assert.assertEquals(Assert.java:644)\r\n\tat com.herokuapp.codebreakers.POM.ProgramPageObjects.ManageprogramUrl(ProgramPageObjects.java:142)\r\n\tat com.herokuapp.codebreakers.stepDefinition.ProgramStepDefnition.program_admin_should_see_url_with(ProgramStepDefnition.java:61)\r\n\tat ✽.Program_Admin should see URL with \"Manage Program\"(file:///C:/Users/sudha/git/team10-lmsphase2-codebreakers/team10-lmsphase2-codebreakers/src/test/resources/features/program.feature:9)\r\n"},"stage":"finished","steps":[{"name":"Given  User is on dashboard page after Login and clicks Program on the navigation bar","status":"passed","statusDetails":{"known":false,"muted":false,"flaky":false},"stage":"finished","steps":[],"attachments":[],"parameters":[],"start":1714619205979,"stop":1714619276095},{"name":"Given  Program_Admin is on dashboard page after Login","status":"passed","statusDetails":{"known":false,"muted":false,"flaky":false},"stage":"finished","steps":[],"attachments":[],"parameters":[],"start":1714619276096,"stop":1714619276096},{"name":"When  Program_Admin clicks Program on the navigation bar","status":"passed","statusDetails":{"known":false,"muted":false,"flaky":false},"stage":"finished","steps":[],"attachments":[],"parameters":[],"start":1714619276096,"stop":1714619276609},{"name":"Then  Program_Admin should see URL with \"Manage Program\"","status":"failed","statusDetails":{"known":false,"muted":false,"flaky":false,"message":"expected [false] but found [ManageProgram]","trace":"java.lang.AssertionError: expected [false] but found [ManageProgram]\r\n\tat org.testng.Assert.fail(Assert.java:111)\r\n\tat org.testng.Assert.failNotEquals(Assert.java:1578)\r\n\tat org.testng.Assert.assertEqualsImpl(Assert.java:150)\r\n\tat org.testng.Assert.assertEquals(Assert.java:132)\r\n\tat org.testng.Assert.assertEquals(Assert.java:644)\r\n\tat com.herokuapp.codebreakers.POM.ProgramPageObjects.ManageprogramUrl(ProgramPageObjects.java:142)\r\n\tat com.herokuapp.codebreakers.stepDefinition.ProgramStepDefnition.program_admin_should_see_url_with(ProgramStepDefnition.java:61)\r\n\tat ✽.Program_Admin should see URL with \"Manage Program\"(file:///C:/Users/sudha/git/team10-lmsphase2-codebreakers/team10-lmsphase2-codebreakers/src/test/resources/features/program.feature:9)\r\n"},"stage":"finished","steps":[],"attachments":[],"parameters":[],"start":1714619276610,"stop":1714619276631}],"attachments":[],"parameters":[],"start":1714619205958,"stop":1714619277085}