{"uuid":"f247b127-1ffb-4862-95ef-289ef63ab3cd","historyId":"73ed7ff0c74c530b42004afcd80ed82e","fullName":"src/test/resources/features/program.feature:83","labels":[{"name":"host","value":"Sudha"},{"name":"thread","value":"162876@Sudha.TestNG-PoolService-9(56)"},{"name":"feature","value":"Manage Program Validation, Add, Edit and Delete Program with pagination and sorting validations"},{"name":"story","value":"Enter only Program Name"},{"name":"suite","value":"Manage Program Validation, Add, Edit and Delete Program with pagination and sorting validations"},{"name":"testClass","value":"Enter only Program Name"},{"name":"framework","value":"cucumber4jvm"},{"name":"language","value":"java"},{"name":"gherkin_uri","value":"file:///C:/Users/sudha/git/team10-lmsphase2-codebreakers/team10-lmsphase2-codebreakers/src/test/resources/features/program.feature"},{"name":"package","value":"src.test.resources.features.program_feature.Manage Program Validation, Add, Edit and Delete Program with pagination and sorting validations"}],"links":[],"name":"Enter only Program Name","status":"failed","statusDetails":{"known":false,"muted":false,"flaky":false,"message":"expected [true] but found [false]","trace":"java.lang.AssertionError: expected [true] but found [false]\r\n\tat org.testng.Assert.fail(Assert.java:111)\r\n\tat org.testng.Assert.failNotEquals(Assert.java:1578)\r\n\tat org.testng.Assert.assertTrue(Assert.java:57)\r\n\tat org.testng.Assert.assertTrue(Assert.java:67)\r\n\tat com.herokuapp.codebreakers.POM.ProgramPageObjects.errorMsg(ProgramPageObjects.java:349)\r\n\tat com.herokuapp.codebreakers.stepDefinition.ProgramStepDefnition.admin_gets_a_message_alert(ProgramStepDefnition.java:184)\r\n\tat ✽.Admin gets a message alert \"Description is required.\"(file:///C:/Users/sudha/git/team10-lmsphase2-codebreakers/team10-lmsphase2-codebreakers/src/test/resources/features/program.feature:86)\r\n"},"stage":"finished","steps":[{"name":"Given  User is on dashboard page after Login and clicks Program on the navigation bar","status":"passed","statusDetails":{"known":false,"muted":false,"flaky":false},"stage":"finished","steps":[],"attachments":[],"parameters":[],"start":1714619320339,"stop":1714619366724},{"name":"Given  Admin is on \"Program Details\" Popup window","status":"passed","statusDetails":{"known":false,"muted":false,"flaky":false},"stage":"finished","steps":[],"attachments":[],"parameters":[],"start":1714619366724,"stop":1714619367399},{"name":"When  Admin enters only<Program Name> in text box and clicks Save button","status":"passed","statusDetails":{"known":false,"muted":false,"flaky":false},"stage":"finished","steps":[],"attachments":[],"parameters":[],"start":1714619367400,"stop":1714619367864},{"name":"Then  Admin gets a message alert \"Description is required.\"","status":"failed","statusDetails":{"known":false,"muted":false,"flaky":false,"message":"expected [true] but found [false]","trace":"java.lang.AssertionError: expected [true] but found [false]\r\n\tat org.testng.Assert.fail(Assert.java:111)\r\n\tat org.testng.Assert.failNotEquals(Assert.java:1578)\r\n\tat org.testng.Assert.assertTrue(Assert.java:57)\r\n\tat org.testng.Assert.assertTrue(Assert.java:67)\r\n\tat com.herokuapp.codebreakers.POM.ProgramPageObjects.errorMsg(ProgramPageObjects.java:349)\r\n\tat com.herokuapp.codebreakers.stepDefinition.ProgramStepDefnition.admin_gets_a_message_alert(ProgramStepDefnition.java:184)\r\n\tat ✽.Admin gets a message alert \"Description is required.\"(file:///C:/Users/sudha/git/team10-lmsphase2-codebreakers/team10-lmsphase2-codebreakers/src/test/resources/features/program.feature:86)\r\n"},"stage":"finished","steps":[],"attachments":[],"parameters":[],"start":1714619367865,"stop":1714619367937}],"attachments":[],"parameters":[],"start":1714619320339,"stop":1714619368335}